INFO 2026-03-16 18:06:05,036 activity_logging Admin paramjeet accessed /myadmin/ via GET
INFO 2026-03-16 18:06:15,072 activity_logging Admin paramjeet accessed /users/dashboard/ via GET
INFO 2026-03-16 18:06:20,283 activity_logging Admin paramjeet accessed /profile/ via GET
INFO 2026-03-16 18:06:22,997 activity_logging Admin paramjeet accessed /users/dashboard/ via GET
INFO 2026-03-16 18:06:26,617 activity_logging Admin paramjeet accessed /users/dashboard/ via GET
INFO 2026-03-16 18:06:31,128 activity_logging Admin paramjeet accessed /myadmin/ via GET
INFO 2026-03-16 18:06:50,294 activity_logging Admin paramjeet accessed /myadmin/activity/ via GET
INFO 2026-03-16 18:06:54,636 activity_logging Admin paramjeet accessed /myadmin/users/ via GET
INFO 2026-03-16 18:07:02,847 activity_logging Admin paramjeet accessed /myadmin/products/ via GET
INFO 2026-03-16 18:07:08,869 activity_logging Admin paramjeet accessed /myadmin/crops/ via GET
INFO 2026-03-16 18:07:10,238 activity_logging Admin paramjeet accessed /myadmin/orders/ via GET
INFO 2026-03-16 18:07:15,403 activity_logging Admin paramjeet accessed /myadmin/orders/1/delete/ via POST
INFO 2026-03-16 18:07:15,465 activity_logging Admin paramjeet accessed /myadmin/orders/ via GET
INFO 2026-03-16 18:07:17,934 activity_logging Admin paramjeet accessed /myadmin/ via GET
INFO 2026-03-16 18:07:23,425 activity_logging Admin paramjeet accessed /myadmin/ai-history/ via GET
INFO 2026-03-16 18:07:26,131 activity_logging Admin paramjeet accessed /myadmin/reports/ via GET
INFO 2026-03-16 18:07:32,915 activity_logging Admin paramjeet accessed /users/dashboard/ via GET
INFO 2026-03-16 18:07:34,907 activity_logging Admin paramjeet accessed /weather/ via GET
INFO 2026-03-16 18:07:43,102 activity_logging Admin paramjeet accessed /marketplace/ via GET
INFO 2026-03-16 18:07:44,550 activity_logging Admin paramjeet accessed /marketplace/tools/ via GET
INFO 2026-03-16 18:07:50,838 activity_logging Admin paramjeet accessed /marketplace/pesticides/ via GET
INFO 2026-03-16 18:07:57,744 activity_logging Admin paramjeet accessed /marketplace/my_orders/ via GET
INFO 2026-03-16 18:08:04,862 activity_logging Admin paramjeet accessed /users/logout/ via POST
INFO 2026-03-16 18:10:37,233 activity_logging Admin paramjeet accessed /myadmin/ via GET
INFO 2026-03-16 18:11:51,608 activity_logging Admin paramjeet accessed /myadmin/settings/ via GET
INFO 2026-03-16 18:12:00,962 activity_logging Admin paramjeet accessed /users/logout/ via GET
INFO 2026-03-16 18:12:57,481 activity_logging Admin paramjeet accessed /myadmin/ via GET
INFO 2026-03-16 18:28:09,871 activity_logging Admin paramjeet accessed /users/logout/ via GET
INFO 2026-03-16 18:31:29,621 activity_logging Admin paramjeet accessed /myadmin/ via GET
INFO 2026-03-16 18:31:37,658 activity_logging Admin paramjeet accessed /myadmin/users/4/ via GET
INFO 2026-03-16 18:31:47,443 activity_logging Admin paramjeet accessed /myadmin/users/ via GET
INFO 2026-03-16 18:31:54,069 activity_logging Admin paramjeet accessed /myadmin/ via GET
INFO 2026-03-16 18:31:56,607 activity_logging Admin paramjeet accessed /myadmin/users/ via GET
INFO 2026-03-16 18:32:01,861 activity_logging Admin paramjeet accessed /myadmin/ via GET
INFO 2026-03-16 18:32:03,724 activity_logging Admin paramjeet accessed /myadmin/products/ via GET
INFO 2026-03-16 18:32:06,052 activity_logging Admin paramjeet accessed /myadmin/ via GET
INFO 2026-03-16 18:32:13,187 activity_logging Admin paramjeet accessed /myadmin/activity/ via GET
INFO 2026-03-16 18:32:16,228 activity_logging Admin paramjeet accessed /myadmin/orders/3/ via GET
INFO 2026-03-16 18:32:22,518 activity_logging Admin paramjeet accessed /myadmin/users/6/ via GET
INFO 2026-03-16 18:32:26,777 activity_logging Admin paramjeet accessed /myadmin/ via GET
INFO 2026-03-16 18:32:45,067 activity_logging Admin paramjeet accessed /myadmin/orders/ via GET
INFO 2026-03-16 18:32:51,825 activity_logging Admin paramjeet accessed /myadmin/orders/3/delete/ via POST
INFO 2026-03-16 18:32:51,899 activity_logging Admin paramjeet accessed /myadmin/orders/ via GET
INFO 2026-03-16 18:32:55,356 activity_logging Admin paramjeet accessed /myadmin/orders/2/delete/ via POST
INFO 2026-03-16 18:32:55,426 activity_logging Admin paramjeet accessed /myadmin/orders/ via GET
INFO 2026-03-16 18:32:56,950 activity_logging Admin paramjeet accessed /myadmin/ via GET
INFO 2026-03-16 18:33:44,867 activity_logging Admin paramjeet accessed /users/logout/ via POST
INFO 2026-03-16 18:34:44,304 activity_logging Admin paramjeet accessed /myadmin/ via GET
INFO 2026-03-16 23:01:07,885 activity_logging Admin paramjeet accessed /myadmin/ via GET
INFO 2026-03-16 23:01:16,964 activity_logging Admin paramjeet accessed /myadmin/orders/analytics/ via GET
INFO 2026-03-16 23:01:43,118 activity_logging Admin paramjeet accessed /myadmin/ via GET
INFO 2026-03-16 23:02:43,705 activity_logging Admin paramjeet accessed /myadmin/reports/ via GET
INFO 2026-03-16 23:02:48,354 activity_logging Admin paramjeet accessed /users/logout/ via POST
INFO 2026-03-16 23:28:30,956 activity_logging Admin paramjeet accessed /myadmin/ via GET
INFO 2026-03-16 23:28:47,826 activity_logging Admin paramjeet accessed /myadmin/users/ via GET
INFO 2026-03-16 23:28:51,037 activity_logging Admin paramjeet accessed /myadmin/crops/ via GET
INFO 2026-03-16 23:28:52,384 activity_logging Admin paramjeet accessed /myadmin/announcements/ via GET
INFO 2026-03-16 23:28:55,349 activity_logging Admin paramjeet accessed /myadmin/announcements/create/ via GET
INFO 2026-03-16 23:29:20,128 activity_logging Admin paramjeet accessed /myadmin/announcements/create/ via POST
INFO 2026-03-16 23:29:20,224 activity_logging Admin paramjeet accessed /myadmin/announcements/ via GET
INFO 2026-03-16 23:29:24,379 activity_logging Admin paramjeet accessed /users/logout/ via POST
INFO 2026-03-17 03:51:36,327 activity_logging Admin paramjeet accessed /myadmin/ via GET
INFO 2026-03-17 03:51:59,686 activity_logging Admin paramjeet accessed /myadmin/announcements/ via GET
INFO 2026-03-17 03:52:04,129 activity_logging Admin paramjeet accessed /myadmin/ via GET
INFO 2026-03-17 03:52:18,719 activity_logging Admin paramjeet accessed /myadmin/orders/ via GET
INFO 2026-03-17 03:52:34,601 activity_logging Admin paramjeet accessed /myadmin/activity/ via GET
INFO 2026-03-17 03:52:36,706 activity_logging Admin paramjeet accessed /myadmin/ via GET
INFO 2026-03-17 03:52:47,061 activity_logging Admin paramjeet accessed /myadmin/reports/ via GET
INFO 2026-03-17 03:52:55,096 activity_logging Admin paramjeet accessed /myadmin/ via GET
INFO 2026-03-17 03:53:00,234 activity_logging Admin paramjeet accessed /myadmin/orders/analytics/ via GET
INFO 2026-03-17 03:53:07,075 activity_logging Admin paramjeet accessed /myadmin/orders/ via GET
INFO 2026-03-17 03:53:28,474 activity_logging Admin paramjeet accessed /myadmin/orders/7/ via GET
INFO 2026-03-17 03:53:34,372 activity_logging Admin paramjeet accessed /myadmin/users/6/ via GET
INFO 2026-03-17 03:53:38,114 activity_logging Admin paramjeet accessed /myadmin/users/ via GET
INFO 2026-03-17 03:53:42,732 activity_logging Admin paramjeet accessed /myadmin/orders/ via GET
INFO 2026-03-17 04:08:07,042 activity_logging Admin paramjeet accessed /myadmin/orders/ via GET
INFO 2026-03-17 04:08:18,285 activity_logging Admin paramjeet accessed /myadmin/ via GET
INFO 2026-03-17 04:08:34,548 activity_logging Admin paramjeet accessed /users/logout/ via POST
INFO 2026-03-17 04:22:42,908 activity_logging Admin paramjeet accessed /myadmin/ via GET
INFO 2026-03-17 04:23:01,244 activity_logging Admin paramjeet accessed /myadmin/users/4/ via GET
INFO 2026-03-17 04:23:12,137 activity_logging Admin paramjeet accessed /myadmin/users/4/toggle/ via POST
INFO 2026-03-17 04:23:12,160 activity_logging Admin paramjeet accessed /myadmin/users/ via GET
INFO 2026-03-17 04:23:15,353 activity_logging Admin paramjeet accessed /myadmin/products/ via GET
INFO 2026-03-17 04:23:37,426 activity_logging Admin paramjeet accessed /myadmin/orders/ via GET
INFO 2026-03-17 04:24:03,827 activity_logging Admin paramjeet accessed /myadmin/products/ via GET
INFO 2026-03-17 04:24:06,479 activity_logging Admin paramjeet accessed /myadmin/orders/ via GET
INFO 2026-03-17 04:24:13,520 activity_logging Admin paramjeet accessed /myadmin/orders/9/ via GET
INFO 2026-03-17 04:24:33,255 activity_logging Admin paramjeet accessed /myadmin/orders/9/status/ via POST
INFO 2026-03-17 04:24:33,306 activity_logging Admin paramjeet accessed /myadmin/orders/9/ via GET
INFO 2026-03-17 04:24:47,542 activity_logging Admin paramjeet accessed /users/logout/ via POST
INFO 2026-03-17 04:25:34,358 activity_logging Admin paramjeet accessed /myadmin/ via GET
INFO 2026-03-17 04:25:39,740 activity_logging Admin paramjeet accessed /myadmin/announcements/ via GET
INFO 2026-03-17 04:25:42,138 activity_logging Admin paramjeet accessed /myadmin/activity/ via GET
INFO 2026-03-17 04:25:44,283 activity_logging Admin paramjeet accessed /myadmin/reports/ via GET
INFO 2026-03-17 04:25:50,307 activity_logging Admin paramjeet accessed /myadmin/settings/ via GET
INFO 2026-03-17 04:25:52,635 activity_logging Admin paramjeet accessed /myadmin/users/ via GET
INFO 2026-03-17 04:25:56,423 activity_logging Admin paramjeet accessed /admin/ via GET
INFO 2026-03-17 04:26:03,058 activity_logging Admin paramjeet accessed /myadmin/crops/ via GET
INFO 2026-03-17 04:26:07,454 activity_logging Admin paramjeet accessed /myadmin/activity/ via GET
INFO 2026-03-17 04:26:10,746 activity_logging Admin paramjeet accessed /myadmin/orders/9/ via GET
INFO 2026-03-17 04:26:14,269 activity_logging Admin paramjeet accessed /myadmin/orders/ via GET
INFO 2026-03-17 04:26:18,438 activity_logging Admin paramjeet accessed /myadmin/ via GET
INFO 2026-03-17 04:26:24,425 activity_logging Admin paramjeet accessed /myadmin/reports/ via GET
INFO 2026-03-17 04:26:28,559 activity_logging Admin paramjeet accessed /myadmin/ via GET
INFO 2026-03-17 04:26:46,079 activity_logging Admin paramjeet accessed /users/logout/ via POST
INFO 2026-03-17 22:04:00,933 activity_logging Admin paramjeet accessed /myadmin/ via GET
INFO 2026-03-17 22:04:07,479 activity_logging Admin paramjeet accessed /myadmin/ via GET
INFO 2026-03-17 22:04:10,493 activity_logging Admin paramjeet accessed /myadmin/users/4/ via GET
INFO 2026-03-17 22:04:15,434 activity_logging Admin paramjeet accessed /myadmin/settings/ via GET
INFO 2026-03-17 22:04:17,972 activity_logging Admin paramjeet accessed /myadmin/ via GET
INFO 2026-03-17 22:04:23,978 activity_logging Admin paramjeet accessed /myadmin/users/ via GET
INFO 2026-03-17 22:04:38,848 activity_logging Admin paramjeet accessed /myadmin/products/ via GET
INFO 2026-03-17 22:04:43,642 activity_logging Admin paramjeet accessed /myadmin/orders/ via GET
INFO 2026-03-17 22:04:49,144 activity_logging Admin paramjeet accessed /myadmin/crops/ via GET
INFO 2026-03-17 22:04:51,761 activity_logging Admin paramjeet accessed /myadmin/ai-history/ via GET
INFO 2026-03-17 22:04:54,023 activity_logging Admin paramjeet accessed /myadmin/announcements/ via GET
INFO 2026-03-17 22:04:57,372 activity_logging Admin paramjeet accessed /myadmin/activity/ via GET
INFO 2026-03-17 22:05:03,748 activity_logging Admin paramjeet accessed /users/logout/ via POST
INFO 2026-03-19 12:48:39,449 activity_logging Admin paramjeet accessed /myadmin/ via GET
INFO 2026-03-19 12:48:58,057 activity_logging Admin paramjeet accessed /myadmin/orders/ via GET
INFO 2026-03-19 12:49:01,400 activity_logging Admin paramjeet accessed /myadmin/orders/9/ via GET
INFO 2026-03-19 12:49:15,865 activity_logging Admin paramjeet accessed /myadmin/orders/9/status/ via POST
INFO 2026-03-19 12:49:15,891 activity_logging Admin paramjeet accessed /myadmin/orders/9/ via GET
INFO 2026-03-19 12:49:19,527 activity_logging Admin paramjeet accessed /myadmin/orders/ via GET
INFO 2026-03-19 12:49:21,338 activity_logging Admin paramjeet accessed /myadmin/ via GET
INFO 2026-03-19 12:49:31,186 activity_logging Admin paramjeet accessed /myadmin/users/ via GET
INFO 2026-03-19 12:49:33,003 activity_logging Admin paramjeet accessed /myadmin/ai-history/ via GET
INFO 2026-03-19 12:49:35,187 activity_logging Admin paramjeet accessed /myadmin/ai-history/ via GET
INFO 2026-03-19 12:49:43,862 activity_logging Admin paramjeet accessed /myadmin/ai-history/9/delete/ via POST
INFO 2026-03-19 12:49:43,880 activity_logging Admin paramjeet accessed /myadmin/ai-history/ via GET
INFO 2026-03-19 12:49:47,534 activity_logging Admin paramjeet accessed /myadmin/ai-history/8/delete/ via POST
INFO 2026-03-19 12:49:47,555 activity_logging Admin paramjeet accessed /myadmin/ai-history/ via GET
INFO 2026-03-19 12:49:50,482 activity_logging Admin paramjeet accessed /myadmin/ai-history/7/delete/ via POST
INFO 2026-03-19 12:49:50,506 activity_logging Admin paramjeet accessed /myadmin/ai-history/ via GET
INFO 2026-03-19 12:49:53,355 activity_logging Admin paramjeet accessed /myadmin/ai-history/6/delete/ via POST
INFO 2026-03-19 12:49:53,374 activity_logging Admin paramjeet accessed /myadmin/ai-history/ via GET
INFO 2026-03-19 12:49:55,929 activity_logging Admin paramjeet accessed /myadmin/ai-history/4/delete/ via POST
INFO 2026-03-19 12:49:55,952 activity_logging Admin paramjeet accessed /myadmin/ai-history/ via GET
INFO 2026-03-19 12:49:58,986 activity_logging Admin paramjeet accessed /myadmin/ai-history/3/delete/ via POST
INFO 2026-03-19 12:49:59,006 activity_logging Admin paramjeet accessed /myadmin/ai-history/ via GET
INFO 2026-03-19 12:50:01,881 activity_logging Admin paramjeet accessed /myadmin/ai-history/2/delete/ via POST
INFO 2026-03-19 12:50:01,902 activity_logging Admin paramjeet accessed /myadmin/ai-history/ via GET
INFO 2026-03-19 12:50:04,412 activity_logging Admin paramjeet accessed /myadmin/ai-history/1/delete/ via POST
INFO 2026-03-19 12:50:04,434 activity_logging Admin paramjeet accessed /myadmin/ai-history/ via GET
INFO 2026-03-19 12:50:08,357 activity_logging Admin paramjeet accessed /myadmin/crops/ via GET
INFO 2026-03-19 12:50:09,556 activity_logging Admin paramjeet accessed /myadmin/ai-history/ via GET
INFO 2026-03-19 12:50:11,173 activity_logging Admin paramjeet accessed /myadmin/announcements/ via GET
INFO 2026-03-19 12:50:12,538 activity_logging Admin paramjeet accessed /myadmin/activity/ via GET
INFO 2026-03-19 12:50:15,835 activity_logging Admin paramjeet accessed /myadmin/reports/ via GET
INFO 2026-03-19 12:50:29,966 activity_logging Admin paramjeet accessed /myadmin/settings/ via GET
INFO 2026-03-19 12:50:34,384 activity_logging Admin paramjeet accessed /users/logout/ via POST
INFO 2026-03-19 13:13:12,150 activity_logging Admin paramjeet accessed /myadmin/ via GET
INFO 2026-03-19 13:13:16,490 activity_logging Admin paramjeet accessed /myadmin/orders/ via GET
INFO 2026-03-19 13:13:19,843 activity_logging Admin paramjeet accessed /myadmin/orders/11/ via GET
INFO 2026-03-19 13:14:19,716 activity_logging Admin paramjeet accessed /users/logout/ via POST
INFO 2026-03-19 13:14:25,091 activity_logging Admin paramjeet accessed /myadmin/ via GET
INFO 2026-03-19 13:14:27,581 activity_logging Admin paramjeet accessed /myadmin/activity/ via GET
INFO 2026-03-19 13:14:36,691 activity_logging Admin paramjeet accessed /users/logout/ via POST
INFO 2026-03-19 13:19:38,542 activity_logging Admin paramjeet accessed /myadmin/ via GET
INFO 2026-03-19 13:19:48,273 activity_logging Admin paramjeet accessed / via GET
INFO 2026-03-19 13:19:48,302 activity_logging Admin paramjeet accessed /myadmin/ via GET
INFO 2026-03-19 13:20:03,734 activity_logging Admin paramjeet accessed / via GET
INFO 2026-03-19 13:20:03,781 activity_logging Admin paramjeet accessed /myadmin/ via GET
INFO 2026-03-19 13:33:27,304 activity_logging Admin paramjeet accessed / via GET
INFO 2026-03-19 13:33:27,349 activity_logging Admin paramjeet accessed /myadmin/ via GET
INFO 2026-03-19 13:33:37,186 activity_logging Admin paramjeet accessed /users/logout/ via POST
INFO 2026-03-19 13:33:44,375 activity_logging Admin paramjeet accessed /myadmin/ via GET
INFO 2026-03-19 13:33:58,766 activity_logging Admin paramjeet accessed /myadmin/orders/analytics/ via GET
INFO 2026-03-19 13:34:05,218 activity_logging Admin paramjeet accessed /users/logout/ via POST
INFO 2026-03-19 17:01:19,185 activity_logging Admin paramjeet accessed /myadmin/ via GET
INFO 2026-03-19 17:04:43,317 activity_logging Admin paramjeet accessed / via GET
INFO 2026-03-19 17:04:43,392 activity_logging Admin paramjeet accessed /myadmin/ via GET
INFO 2026-03-19 17:04:48,745 activity_logging Admin paramjeet accessed /users/logout/ via POST
INFO 2026-03-19 20:02:34,750 activity_logging Admin paramjeet accessed /myadmin/ via GET
INFO 2026-03-19 20:02:46,055 activity_logging Admin paramjeet accessed /users/logout/ via POST
INFO 2026-03-19 20:07:29,533 activity_logging Admin paramjeet accessed /myadmin/ via GET
INFO 2026-03-19 20:07:32,646 activity_logging Admin paramjeet accessed /myadmin/users/ via GET
INFO 2026-03-19 20:07:38,149 activity_logging Admin paramjeet accessed /myadmin/users/9/delete/ via POST
INFO 2026-03-19 20:07:38,181 activity_logging Admin paramjeet accessed /myadmin/users/ via GET
INFO 2026-03-19 20:07:45,426 activity_logging Admin paramjeet accessed /myadmin/users/8/delete/ via POST
INFO 2026-03-19 20:07:45,455 activity_logging Admin paramjeet accessed /myadmin/users/ via GET
INFO 2026-03-19 20:07:49,984 activity_logging Admin paramjeet accessed /myadmin/users/7/delete/ via POST
INFO 2026-03-19 20:07:50,008 activity_logging Admin paramjeet accessed /myadmin/users/ via GET
INFO 2026-03-19 20:08:02,557 activity_logging Admin paramjeet accessed /myadmin/users/1/delete/ via POST
INFO 2026-03-19 20:08:02,585 activity_logging Admin paramjeet accessed /myadmin/users/ via GET
INFO 2026-03-19 20:08:07,769 activity_logging Admin paramjeet accessed /myadmin/users/3/delete/ via POST
INFO 2026-03-19 20:08:07,801 activity_logging Admin paramjeet accessed /myadmin/users/ via GET
INFO 2026-03-19 20:08:12,651 activity_logging Admin paramjeet accessed /myadmin/users/5/delete/ via POST
INFO 2026-03-19 20:08:12,677 activity_logging Admin paramjeet accessed /myadmin/users/ via GET
INFO 2026-03-19 20:08:15,713 activity_logging Admin paramjeet accessed /myadmin/users/6/delete/ via POST
INFO 2026-03-19 20:08:15,745 activity_logging Admin paramjeet accessed /myadmin/users/ via GET
INFO 2026-03-19 20:08:24,630 activity_logging Admin paramjeet accessed /users/logout/ via POST
INFO 2026-03-19 20:08:40,834 activity_logging Admin paramjeet accessed /myadmin/ via GET
INFO 2026-03-19 20:08:42,726 activity_logging Admin paramjeet accessed /myadmin/users/ via GET
INFO 2026-03-19 20:08:48,732 activity_logging Admin paramjeet accessed /myadmin/users/2/ via GET
INFO 2026-03-19 20:08:57,611 activity_logging Admin paramjeet accessed /myadmin/users/ via GET
INFO 2026-03-19 20:08:59,552 activity_logging Admin paramjeet accessed /users/logout/ via POST
INFO 2026-03-19 20:10:07,236 activity_logging Admin paramjeet accessed /myadmin/ via GET
INFO 2026-03-19 20:10:38,720 activity_logging Admin paramjeet accessed /myadmin/activity/ via GET
INFO 2026-03-19 20:10:40,426 activity_logging Admin paramjeet accessed /myadmin/users/4/ via GET
INFO 2026-03-19 20:10:42,678 activity_logging Admin paramjeet accessed /myadmin/users/ via GET
INFO 2026-03-19 20:10:45,472 activity_logging Admin paramjeet accessed /myadmin/ via GET
INFO 2026-03-19 20:10:52,081 activity_logging Admin paramjeet accessed /myadmin/orders/analytics/ via GET
INFO 2026-03-19 20:10:59,792 activity_logging Admin paramjeet accessed /users/logout/ via POST
INFO 2026-03-26 13:28:46,983 activity_logging Admin paramjeet accessed /myadmin/ via GET
INFO 2026-03-26 13:32:39,750 activity_logging Admin paramjeet accessed /myadmin/ via GET
INFO 2026-03-26 13:35:36,633 activity_logging Admin paramjeet accessed /myadmin/ via GET
INFO 2026-03-26 13:35:41,917 activity_logging Admin paramjeet accessed /myadmin/schemes/ via GET
INFO 2026-03-26 14:44:55,514 activity_logging Admin paramjeet accessed /myadmin/ via GET
INFO 2026-03-26 14:46:10,943 activity_logging Admin paramjeet accessed /myadmin/ via GET
INFO 2026-03-26 14:46:31,285 activity_logging Admin paramjeet accessed /users/logout/ via POST
INFO 2026-03-27 14:07:07,868 activity_logging Admin paramjeet accessed /myadmin/ via GET
INFO 2026-03-27 14:07:21,211 activity_logging Admin paramjeet accessed /myadmin/activity/ via GET
INFO 2026-03-27 14:07:44,863 activity_logging Admin paramjeet accessed /myadmin/schemes/ via GET
INFO 2026-03-27 14:07:47,451 activity_logging Admin paramjeet accessed /myadmin/activity/ via GET
INFO 2026-03-27 14:07:49,396 activity_logging Admin paramjeet accessed /myadmin/schemes/ via GET
INFO 2026-03-27 14:08:09,439 activity_logging Admin paramjeet accessed /myadmin/activity/ via GET
INFO 2026-03-27 14:08:57,117 activity_logging Admin paramjeet accessed /myadmin/activity/ via GET
INFO 2026-03-27 14:08:59,097 activity_logging Admin paramjeet accessed /myadmin/ai-history/ via GET
INFO 2026-03-27 14:09:01,067 activity_logging Admin paramjeet accessed /myadmin/announcements/ via GET
INFO 2026-03-27 14:09:14,413 activity_logging Admin paramjeet accessed /myadmin/schemes/ via GET
INFO 2026-03-27 14:11:08,522 activity_logging Admin paramjeet accessed /myadmin/schemes/ via GET
INFO 2026-03-27 14:13:30,729 activity_logging Admin paramjeet accessed /users/logout/ via POST
INFO 2026-03-27 14:38:58,394 activity_logging Admin paramjeet accessed /myadmin/ via GET
INFO 2026-03-27 14:39:01,101 activity_logging Admin paramjeet accessed /myadmin/announcements/ via GET
INFO 2026-03-27 14:39:47,858 activity_logging Admin paramjeet accessed /myadmin/announcements/ via GET
INFO 2026-03-27 14:49:35,284 activity_logging Admin paramjeet accessed / via GET
INFO 2026-03-27 14:49:35,327 activity_logging Admin paramjeet accessed /myadmin/ via GET
INFO 2026-03-27 14:49:49,556 activity_logging Admin paramjeet accessed /myadmin/schemes/ via GET
INFO 2026-03-27 14:49:52,821 activity_logging Admin paramjeet accessed / via GET
INFO 2026-03-27 14:49:52,832 activity_logging Admin paramjeet accessed /myadmin/ via GET
INFO 2026-03-27 14:50:00,921 activity_logging Admin paramjeet accessed /users/logout/ via POST
INFO 2026-03-27 14:50:03,915 activity_logging Admin paramjeet accessed /myadmin/ via GET
INFO 2026-03-27 15:24:54,528 activity_logging Admin paramjeet accessed / via GET
INFO 2026-03-27 15:24:54,550 activity_logging Admin paramjeet accessed /myadmin/ via GET
INFO 2026-03-27 15:24:54,732 activity_logging Admin paramjeet accessed / via GET
INFO 2026-03-27 15:24:54,746 activity_logging Admin paramjeet accessed /myadmin/ via GET
INFO 2026-03-27 15:25:30,749 activity_logging Admin paramjeet accessed /users/logout/ via POST
INFO 2026-03-27 15:25:42,465 activity_logging Admin paramjeet accessed /myadmin/ via GET
INFO 2026-03-27 15:25:50,045 activity_logging Admin paramjeet accessed /admin/ via GET
INFO 2026-03-27 15:27:07,038 activity_logging Admin paramjeet accessed / via GET
INFO 2026-03-27 15:27:07,053 activity_logging Admin paramjeet accessed /myadmin/ via GET
INFO 2026-03-27 15:27:10,027 activity_logging Admin paramjeet accessed / via GET
INFO 2026-03-27 15:27:10,035 activity_logging Admin paramjeet accessed /myadmin/ via GET
INFO 2026-03-27 15:27:13,360 activity_logging Admin paramjeet accessed / via GET
INFO 2026-03-27 15:27:13,372 activity_logging Admin paramjeet accessed /myadmin/ via GET
INFO 2026-03-27 15:27:58,550 activity_logging Admin paramjeet accessed /admin/ via GET
INFO 2026-03-27 15:29:04,592 activity_logging Admin paramjeet accessed /admin/socialaccount/socialapp/ via GET
INFO 2026-03-27 15:29:04,846 activity_logging Admin paramjeet accessed /admin/jsi18n/ via GET
INFO 2026-03-27 15:29:13,242 activity_logging Admin paramjeet accessed /admin/socialaccount/socialapp/add/ via GET
INFO 2026-03-27 15:29:13,464 activity_logging Admin paramjeet accessed /admin/jsi18n/ via GET
INFO 2026-03-27 15:30:37,709 activity_logging Admin paramjeet accessed /admin/socialaccount/socialapp/add/ via GET
INFO 2026-03-27 15:30:41,403 activity_logging Admin paramjeet accessed /admin/sites/site/ via GET
INFO 2026-03-27 15:30:41,479 activity_logging Admin paramjeet accessed /admin/jsi18n/ via GET
INFO 2026-03-27 15:31:03,422 activity_logging Admin paramjeet accessed /admin/sites/site/1/change/ via GET
INFO 2026-03-27 15:31:03,495 activity_logging Admin paramjeet accessed /admin/jsi18n/ via GET
INFO 2026-03-27 15:31:35,766 activity_logging Admin paramjeet accessed /admin/sites/site/1/change/ via POST
INFO 2026-03-27 15:31:35,795 activity_logging Admin paramjeet accessed /admin/sites/site/ via GET
INFO 2026-03-27 15:31:35,844 activity_logging Admin paramjeet accessed /admin/jsi18n/ via GET
INFO 2026-03-27 15:31:47,212 activity_logging Admin paramjeet accessed /admin/socialaccount/socialapp/add/ via GET
INFO 2026-03-27 15:31:47,273 activity_logging Admin paramjeet accessed /admin/jsi18n/ via GET
INFO 2026-03-27 15:32:55,352 activity_logging Admin paramjeet accessed /admin/socialaccount/socialapp/add/ via POST
INFO 2026-03-27 15:32:55,379 activity_logging Admin paramjeet accessed /admin/socialaccount/socialapp/ via GET
INFO 2026-03-27 15:32:55,430 activity_logging Admin paramjeet accessed /admin/jsi18n/ via GET
INFO 2026-03-27 15:33:15,460 activity_logging Admin paramjeet accessed / via GET
INFO 2026-03-27 15:33:15,483 activity_logging Admin paramjeet accessed /myadmin/ via GET
INFO 2026-03-27 15:33:19,441 activity_logging Admin paramjeet accessed /users/logout/ via POST
INFO 2026-03-27 15:53:10,739 activity_logging Admin paramjeet accessed /admin/socialaccount/socialapp/ via GET
INFO 2026-03-27 15:53:10,810 activity_logging Admin paramjeet accessed /admin/jsi18n/ via GET
INFO 2026-03-27 15:53:26,052 activity_logging Admin paramjeet accessed /admin/socialaccount/socialapp/ via GET
INFO 2026-03-27 15:53:26,097 activity_logging Admin paramjeet accessed /admin/jsi18n/ via GET
INFO 2026-03-27 15:53:37,318 activity_logging Admin paramjeet accessed /admin/socialaccount/socialapp/1/change/ via GET
INFO 2026-03-27 15:53:37,398 activity_logging Admin paramjeet accessed /admin/jsi18n/ via GET
INFO 2026-03-27 15:53:43,172 activity_logging Admin paramjeet accessed /admin/socialaccount/socialapp/ via GET
INFO 2026-03-27 15:55:24,361 activity_logging Admin paramjeet accessed /admin/socialaccount/socialapp/1/change/ via GET
INFO 2026-03-27 15:55:24,461 activity_logging Admin paramjeet accessed /admin/jsi18n/ via GET
INFO 2026-03-27 15:55:50,454 activity_logging Admin paramjeet accessed /admin/socialaccount/socialapp/1/change/ via POST
INFO 2026-03-27 15:55:50,492 activity_logging Admin paramjeet accessed /admin/socialaccount/socialapp/ via GET
INFO 2026-03-27 15:55:50,549 activity_logging Admin paramjeet accessed /admin/jsi18n/ via GET
INFO 2026-03-27 15:56:04,661 activity_logging Admin paramjeet accessed / via GET
INFO 2026-03-27 15:56:04,670 activity_logging Admin paramjeet accessed /myadmin/ via GET
INFO 2026-03-27 15:56:09,059 activity_logging Admin paramjeet accessed /users/logout/ via POST
